[0.472s] Invoking command in '/home/crolson1/finalproject/finalproject': PYTHONPATH=/home/crolson1/finalproject/build/finalproject/prefix_override:/usr/lib/python3/dist-packages/colcon_core/task/python/colcon_distutils_commands:/home/crolson1/finalproject/install/finalproject/lib/python3.10/site-packages:${PYTHONPATH} /usr/bin/python3 -W ignore:setup.py install is deprecated setup.py egg_info --egg-base ../build/finalproject build --build-base /home/crolson1/finalproject/build/finalproject/build install --record /home/crolson1/finalproject/build/finalproject/install.log --single-version-externally-managed install_data
[0.650s] running egg_info
[0.651s] writing ../build/finalproject/finalproject.egg-info/PKG-INFO
[0.651s] writing dependency_links to ../build/finalproject/finalproject.egg-info/dependency_links.txt
[0.651s] writing entry points to ../build/finalproject/finalproject.egg-info/entry_points.txt
[0.651s] writing requirements to ../build/finalproject/finalproject.egg-info/requires.txt
[0.651s] writing top-level names to ../build/finalproject/finalproject.egg-info/top_level.txt
[0.653s] reading manifest file '../build/finalproject/finalproject.egg-info/SOURCES.txt'
[0.653s] adding license file 'LICENSE'
[0.653s] writing manifest file '../build/finalproject/finalproject.egg-info/SOURCES.txt'
[0.653s] running build
[0.653s] running build_py
[0.653s] running install
[0.654s] running install_lib
[0.654s] running install_data
[0.655s] copying worlds/65ffe8d19b24fc7543c0d16db27253c6.jpg -> /home/crolson1/finalproject/install/finalproject/share/finalproject/worlds
[0.655s] copying worlds/others_0019_plane_600.png -> /home/crolson1/finalproject/install/finalproject/share/finalproject/worlds
[0.656s] copying worlds/Untitled.jpeg -> /home/crolson1/finalproject/install/finalproject/share/finalproject/worlds
[0.657s] copying protos/Roughcast.proto -> /home/crolson1/finalproject/install/finalproject/share/finalproject/protos
[0.657s] copying protos/OfficeChair.proto -> /home/crolson1/finalproject/install/finalproject/share/finalproject/protos
[0.657s] running install_egg_info
[0.658s] removing '/home/crolson1/finalproject/install/finalproject/lib/python3.10/site-packages/finalproject-0.0.0-py3.10.egg-info' (and everything under it)
[0.659s] Copying ../build/finalproject/finalproject.egg-info to /home/crolson1/finalproject/install/finalproject/lib/python3.10/site-packages/finalproject-0.0.0-py3.10.egg-info
[0.660s] running install_scripts
[0.675s] writing list of installed files to '/home/crolson1/finalproject/build/finalproject/install.log'
[0.694s] Invoked command in '/home/crolson1/finalproject/finalproject' returned '0': PYTHONPATH=/home/crolson1/finalproject/build/finalproject/prefix_override:/usr/lib/python3/dist-packages/colcon_core/task/python/colcon_distutils_commands:/home/crolson1/finalproject/install/finalproject/lib/python3.10/site-packages:${PYTHONPATH} /usr/bin/python3 -W ignore:setup.py install is deprecated setup.py egg_info --egg-base ../build/finalproject build --build-base /home/crolson1/finalproject/build/finalproject/build install --record /home/crolson1/finalproject/build/finalproject/install.log --single-version-externally-managed install_data
