running egg_info
writing ../build/finalproject/finalproject.egg-info/PKG-INFO
writing dependency_links to ../build/finalproject/finalproject.egg-info/dependency_links.txt
writing entry points to ../build/finalproject/finalproject.egg-info/entry_points.txt
writing requirements to ../build/finalproject/finalproject.egg-info/requires.txt
writing top-level names to ../build/finalproject/finalproject.egg-info/top_level.txt
reading manifest file '../build/finalproject/finalproject.egg-info/SOURCES.txt'
adding license file 'LICENSE'
writing manifest file '../build/finalproject/finalproject.egg-info/SOURCES.txt'
running build
running build_py
running install
running install_lib
running install_data
copying worlds/indoorworld.wbt -> /home/crolson1/finalproject/install/finalproject/share/finalproject/worlds
running install_egg_info
removing '/home/crolson1/finalproject/install/finalproject/lib/python3.10/site-packages/finalproject-0.0.0-py3.10.egg-info' (and everything under it)
Copying ../build/finalproject/finalproject.egg-info to /home/crolson1/finalproject/install/finalproject/lib/python3.10/site-packages/finalproject-0.0.0-py3.10.egg-info
running install_scripts
writing list of installed files to '/home/crolson1/finalproject/build/finalproject/install.log'
