[0.480s] Invoking command in '/home/crolson1/finalproject/finalproject': PYTHONPATH=/home/crolson1/finalproject/build/finalproject/prefix_override:/usr/lib/python3/dist-packages/colcon_core/task/python/colcon_distutils_commands:/home/crolson1/finalproject/install/finalproject/lib/python3.10/site-packages:${PYTHONPATH} /usr/bin/python3 -W ignore:setup.py install is deprecated setup.py egg_info --egg-base ../build/finalproject build --build-base /home/crolson1/finalproject/build/finalproject/build install --record /home/crolson1/finalproject/build/finalproject/install.log --single-version-externally-managed install_data
[0.660s] running egg_info
[0.661s] writing ../build/finalproject/finalproject.egg-info/PKG-INFO
[0.661s] writing dependency_links to ../build/finalproject/finalproject.egg-info/dependency_links.txt
[0.661s] writing entry points to ../build/finalproject/finalproject.egg-info/entry_points.txt
[0.661s] writing requirements to ../build/finalproject/finalproject.egg-info/requires.txt
[0.661s] writing top-level names to ../build/finalproject/finalproject.egg-info/top_level.txt
[0.662s] reading manifest file '../build/finalproject/finalproject.egg-info/SOURCES.txt'
[0.663s] adding license file 'LICENSE'
[0.663s] writing manifest file '../build/finalproject/finalproject.egg-info/SOURCES.txt'
[0.663s] running build
[0.663s] running build_py
[0.663s] running install
[0.664s] running install_lib
[0.664s] running install_data
[0.665s] copying worlds/indoorworld.wbt -> /home/crolson1/finalproject/install/finalproject/share/finalproject/worlds
[0.665s] running install_egg_info
[0.666s] removing '/home/crolson1/finalproject/install/finalproject/lib/python3.10/site-packages/finalproject-0.0.0-py3.10.egg-info' (and everything under it)
[0.667s] Copying ../build/finalproject/finalproject.egg-info to /home/crolson1/finalproject/install/finalproject/lib/python3.10/site-packages/finalproject-0.0.0-py3.10.egg-info
[0.668s] running install_scripts
[0.683s] writing list of installed files to '/home/crolson1/finalproject/build/finalproject/install.log'
[0.705s] Invoked command in '/home/crolson1/finalproject/finalproject' returned '0': PYTHONPATH=/home/crolson1/finalproject/build/finalproject/prefix_override:/usr/lib/python3/dist-packages/colcon_core/task/python/colcon_distutils_commands:/home/crolson1/finalproject/install/finalproject/lib/python3.10/site-packages:${PYTHONPATH} /usr/bin/python3 -W ignore:setup.py install is deprecated setup.py egg_info --egg-base ../build/finalproject build --build-base /home/crolson1/finalproject/build/finalproject/build install --record /home/crolson1/finalproject/build/finalproject/install.log --single-version-externally-managed install_data
