[0.742s] Invoking command in '/home/crolson1/finalproject/finalproject': PYTHONPATH=/home/crolson1/finalproject/build/finalproject/prefix_override:/usr/lib/python3/dist-packages/colcon_core/task/python/colcon_distutils_commands:/home/crolson1/finalproject/install/finalproject/lib/python3.10/site-packages:${PYTHONPATH} /usr/bin/python3 -W ignore:setup.py install is deprecated setup.py egg_info --egg-base ../build/finalproject build --build-base /home/crolson1/finalproject/build/finalproject/build install --record /home/crolson1/finalproject/build/finalproject/install.log --single-version-externally-managed install_data
[0.989s] running egg_info
[0.989s] creating ../build/finalproject/finalproject.egg-info
[0.989s] writing ../build/finalproject/finalproject.egg-info/PKG-INFO
[0.990s] writing dependency_links to ../build/finalproject/finalproject.egg-info/dependency_links.txt
[0.990s] writing entry points to ../build/finalproject/finalproject.egg-info/entry_points.txt
[0.990s] writing requirements to ../build/finalproject/finalproject.egg-info/requires.txt
[0.990s] writing top-level names to ../build/finalproject/finalproject.egg-info/top_level.txt
[0.990s] writing manifest file '../build/finalproject/finalproject.egg-info/SOURCES.txt'
[0.992s] reading manifest file '../build/finalproject/finalproject.egg-info/SOURCES.txt'
[0.992s] adding license file 'LICENSE'
[0.992s] writing manifest file '../build/finalproject/finalproject.egg-info/SOURCES.txt'
[0.993s] running build
[0.993s] running build_py
[0.993s] creating /home/crolson1/finalproject/build/finalproject/build
[0.993s] creating /home/crolson1/finalproject/build/finalproject/build/lib
[0.993s] creating /home/crolson1/finalproject/build/finalproject/build/lib/finalproject
[0.993s] copying finalproject/__init__.py -> /home/crolson1/finalproject/build/finalproject/build/lib/finalproject
[0.993s] running install
[0.993s] running install_lib
[0.994s] creating /home/crolson1/finalproject/install/finalproject/lib/python3.10/site-packages/finalproject
[0.994s] copying /home/crolson1/finalproject/build/finalproject/build/lib/finalproject/__init__.py -> /home/crolson1/finalproject/install/finalproject/lib/python3.10/site-packages/finalproject
[0.995s] byte-compiling /home/crolson1/finalproject/install/finalproject/lib/python3.10/site-packages/finalproject/__init__.py to __init__.cpython-310.pyc
[0.995s] running install_data
[0.995s] creating /home/crolson1/finalproject/install/finalproject/share/ament_index
[0.995s] creating /home/crolson1/finalproject/install/finalproject/share/ament_index/resource_index
[0.995s] creating /home/crolson1/finalproject/install/finalproject/share/ament_index/resource_index/packages
[0.995s] copying resource/finalproject -> /home/crolson1/finalproject/install/finalproject/share/ament_index/resource_index/packages
[0.996s] copying package.xml -> /home/crolson1/finalproject/install/finalproject/share/finalproject
[0.996s] running install_egg_info
[0.997s] Copying ../build/finalproject/finalproject.egg-info to /home/crolson1/finalproject/install/finalproject/lib/python3.10/site-packages/finalproject-0.0.0-py3.10.egg-info
[0.998s] running install_scripts
[1.020s] writing list of installed files to '/home/crolson1/finalproject/build/finalproject/install.log'
[1.052s] Invoked command in '/home/crolson1/finalproject/finalproject' returned '0': PYTHONPATH=/home/crolson1/finalproject/build/finalproject/prefix_override:/usr/lib/python3/dist-packages/colcon_core/task/python/colcon_distutils_commands:/home/crolson1/finalproject/install/finalproject/lib/python3.10/site-packages:${PYTHONPATH} /usr/bin/python3 -W ignore:setup.py install is deprecated setup.py egg_info --egg-base ../build/finalproject build --build-base /home/crolson1/finalproject/build/finalproject/build install --record /home/crolson1/finalproject/build/finalproject/install.log --single-version-externally-managed install_data
