[0.761s] Invoking command in '/home/crolson1/finalproject/finalproject': PYTHONPATH=/home/crolson1/finalproject/build/finalproject/prefix_override:/usr/lib/python3/dist-packages/colcon_core/task/python/colcon_distutils_commands:/home/crolson1/finalproject/install/finalproject/lib/python3.10/site-packages:${PYTHONPATH} /usr/bin/python3 -W ignore:setup.py install is deprecated setup.py egg_info --egg-base ../build/finalproject build --build-base /home/crolson1/finalproject/build/finalproject/build install --record /home/crolson1/finalproject/build/finalproject/install.log --single-version-externally-managed install_data
[1.032s] running egg_info
[1.032s] writing ../build/finalproject/finalproject.egg-info/PKG-INFO
[1.033s] writing dependency_links to ../build/finalproject/finalproject.egg-info/dependency_links.txt
[1.033s] writing entry points to ../build/finalproject/finalproject.egg-info/entry_points.txt
[1.033s] writing requirements to ../build/finalproject/finalproject.egg-info/requires.txt
[1.033s] writing top-level names to ../build/finalproject/finalproject.egg-info/top_level.txt
[1.035s] reading manifest file '../build/finalproject/finalproject.egg-info/SOURCES.txt'
[1.036s] adding license file 'LICENSE'
[1.036s] writing manifest file '../build/finalproject/finalproject.egg-info/SOURCES.txt'
[1.036s] running build
[1.037s] running build_py
[1.037s] running install
[1.037s] running install_lib
[1.038s] running install_data
[1.039s] copying launch/f23_robotics_1_launch.py -> /home/crolson1/finalproject/install/finalproject/share/finalproject/launch
[1.039s] running install_egg_info
[1.041s] removing '/home/crolson1/finalproject/install/finalproject/lib/python3.10/site-packages/finalproject-0.0.0-py3.10.egg-info' (and everything under it)
[1.041s] Copying ../build/finalproject/finalproject.egg-info to /home/crolson1/finalproject/install/finalproject/lib/python3.10/site-packages/finalproject-0.0.0-py3.10.egg-info
[1.043s] running install_scripts
[1.066s] writing list of installed files to '/home/crolson1/finalproject/build/finalproject/install.log'
[1.096s] Invoked command in '/home/crolson1/finalproject/finalproject' returned '0': PYTHONPATH=/home/crolson1/finalproject/build/finalproject/prefix_override:/usr/lib/python3/dist-packages/colcon_core/task/python/colcon_distutils_commands:/home/crolson1/finalproject/install/finalproject/lib/python3.10/site-packages:${PYTHONPATH} /usr/bin/python3 -W ignore:setup.py install is deprecated setup.py egg_info --egg-base ../build/finalproject build --build-base /home/crolson1/finalproject/build/finalproject/build install --record /home/crolson1/finalproject/build/finalproject/install.log --single-version-externally-managed install_data
