[0.466s] Invoking command in '/home/crolson1/finalproject/finalproject': PYTHONPATH=/home/crolson1/finalproject/build/finalproject/prefix_override:/usr/lib/python3/dist-packages/colcon_core/task/python/colcon_distutils_commands:/home/crolson1/finalproject/install/finalproject/lib/python3.10/site-packages:${PYTHONPATH} /usr/bin/python3 -W ignore:setup.py install is deprecated setup.py egg_info --egg-base ../build/finalproject build --build-base /home/crolson1/finalproject/build/finalproject/build install --record /home/crolson1/finalproject/build/finalproject/install.log --single-version-externally-managed install_data
[0.643s] running egg_info
[0.643s] writing ../build/finalproject/finalproject.egg-info/PKG-INFO
[0.643s] writing dependency_links to ../build/finalproject/finalproject.egg-info/dependency_links.txt
[0.644s] writing entry points to ../build/finalproject/finalproject.egg-info/entry_points.txt
[0.644s] writing requirements to ../build/finalproject/finalproject.egg-info/requires.txt
[0.644s] writing top-level names to ../build/finalproject/finalproject.egg-info/top_level.txt
[0.645s] reading manifest file '../build/finalproject/finalproject.egg-info/SOURCES.txt'
[0.645s] adding license file 'LICENSE'
[0.646s] writing manifest file '../build/finalproject/finalproject.egg-info/SOURCES.txt'
[0.646s] running build
[0.646s] running build_py
[0.646s] running install
[0.646s] running install_lib
[0.647s] running install_data
[0.647s] creating /home/crolson1/finalproject/install/finalproject/share/finalproject/protos
[0.647s] copying protos/Wall.proto -> /home/crolson1/finalproject/install/finalproject/share/finalproject/protos
[0.647s] running install_egg_info
[0.649s] removing '/home/crolson1/finalproject/install/finalproject/lib/python3.10/site-packages/finalproject-0.0.0-py3.10.egg-info' (and everything under it)
[0.649s] Copying ../build/finalproject/finalproject.egg-info to /home/crolson1/finalproject/install/finalproject/lib/python3.10/site-packages/finalproject-0.0.0-py3.10.egg-info
[0.650s] running install_scripts
[0.666s] writing list of installed files to '/home/crolson1/finalproject/build/finalproject/install.log'
[0.684s] Invoked command in '/home/crolson1/finalproject/finalproject' returned '0': PYTHONPATH=/home/crolson1/finalproject/build/finalproject/prefix_override:/usr/lib/python3/dist-packages/colcon_core/task/python/colcon_distutils_commands:/home/crolson1/finalproject/install/finalproject/lib/python3.10/site-packages:${PYTHONPATH} /usr/bin/python3 -W ignore:setup.py install is deprecated setup.py egg_info --egg-base ../build/finalproject build --build-base /home/crolson1/finalproject/build/finalproject/build install --record /home/crolson1/finalproject/build/finalproject/install.log --single-version-externally-managed install_data
