[0.772s] Invoking command in '/home/crolson1/finalproject/finalproject': PYTHONPATH=/home/crolson1/finalproject/build/finalproject/prefix_override:/usr/lib/python3/dist-packages/colcon_core/task/python/colcon_distutils_commands:/home/crolson1/finalproject/install/finalproject/lib/python3.10/site-packages:${PYTHONPATH} /usr/bin/python3 -W ignore:setup.py install is deprecated setup.py egg_info --egg-base ../build/finalproject build --build-base /home/crolson1/finalproject/build/finalproject/build install --record /home/crolson1/finalproject/build/finalproject/install.log --single-version-externally-managed install_data
[1.041s] running egg_info
[1.042s] writing ../build/finalproject/finalproject.egg-info/PKG-INFO
[1.042s] writing dependency_links to ../build/finalproject/finalproject.egg-info/dependency_links.txt
[1.042s] writing entry points to ../build/finalproject/finalproject.egg-info/entry_points.txt
[1.043s] writing requirements to ../build/finalproject/finalproject.egg-info/requires.txt
[1.043s] writing top-level names to ../build/finalproject/finalproject.egg-info/top_level.txt
[1.045s] reading manifest file '../build/finalproject/finalproject.egg-info/SOURCES.txt'
[1.045s] adding license file 'LICENSE'
[1.046s] writing manifest file '../build/finalproject/finalproject.egg-info/SOURCES.txt'
[1.046s] running build
[1.046s] running build_py
[1.046s] running install
[1.047s] running install_lib
[1.048s] running install_data
[1.048s] creating /home/crolson1/finalproject/install/finalproject/share/finalproject/launch
[1.048s] copying launch/f23_robotics_1_launch.py -> /home/crolson1/finalproject/install/finalproject/share/finalproject/launch
[1.048s] creating /home/crolson1/finalproject/install/finalproject/share/finalproject/worlds
[1.049s] copying worlds/f23_robotics_1.wbt -> /home/crolson1/finalproject/install/finalproject/share/finalproject/worlds
[1.049s] creating /home/crolson1/finalproject/install/finalproject/share/finalproject/resource
[1.049s] error: can't copy 'resource/turtlebot_webots.urdf': doesn't exist or not a regular file
[1.076s] Invoked command in '/home/crolson1/finalproject/finalproject' returned '1': PYTHONPATH=/home/crolson1/finalproject/build/finalproject/prefix_override:/usr/lib/python3/dist-packages/colcon_core/task/python/colcon_distutils_commands:/home/crolson1/finalproject/install/finalproject/lib/python3.10/site-packages:${PYTHONPATH} /usr/bin/python3 -W ignore:setup.py install is deprecated setup.py egg_info --egg-base ../build/finalproject build --build-base /home/crolson1/finalproject/build/finalproject/build install --record /home/crolson1/finalproject/build/finalproject/install.log --single-version-externally-managed install_data
