[0.555s] Invoking command in '/home/crolson1/finalproject/finalproject': PYTHONPATH=/home/crolson1/finalproject/build/finalproject/prefix_override:/usr/lib/python3/dist-packages/colcon_core/task/python/colcon_distutils_commands:/home/crolson1/finalproject/install/finalproject/lib/python3.10/site-packages:${PYTHONPATH} /usr/bin/python3 -W ignore:setup.py install is deprecated setup.py egg_info --egg-base ../build/finalproject build --build-base /home/crolson1/finalproject/build/finalproject/build install --record /home/crolson1/finalproject/build/finalproject/install.log --single-version-externally-managed install_data
[0.738s] running egg_info
[0.739s] writing ../build/finalproject/finalproject.egg-info/PKG-INFO
[0.739s] writing dependency_links to ../build/finalproject/finalproject.egg-info/dependency_links.txt
[0.739s] writing entry points to ../build/finalproject/finalproject.egg-info/entry_points.txt
[0.739s] writing requirements to ../build/finalproject/finalproject.egg-info/requires.txt
[0.739s] writing top-level names to ../build/finalproject/finalproject.egg-info/top_level.txt
[0.741s] reading manifest file '../build/finalproject/finalproject.egg-info/SOURCES.txt'
[0.742s] adding license file 'LICENSE'
[0.742s] writing manifest file '../build/finalproject/finalproject.egg-info/SOURCES.txt'
[0.743s] running build
[0.743s] running build_py
[0.743s] running install
[0.743s] running install_lib
[0.744s] running install_data
[0.744s] copying launch/f23_robotics_1_launch.py -> /home/crolson1/finalproject/install/finalproject/share/finalproject/launch
[0.744s] copying worlds/indoorworld.wbt -> /home/crolson1/finalproject/install/finalproject/share/finalproject/worlds
[0.744s] running install_egg_info
[0.745s] removing '/home/crolson1/finalproject/install/finalproject/lib/python3.10/site-packages/finalproject-0.0.0-py3.10.egg-info' (and everything under it)
[0.746s] Copying ../build/finalproject/finalproject.egg-info to /home/crolson1/finalproject/install/finalproject/lib/python3.10/site-packages/finalproject-0.0.0-py3.10.egg-info
[0.747s] running install_scripts
[0.763s] writing list of installed files to '/home/crolson1/finalproject/build/finalproject/install.log'
[0.782s] Invoked command in '/home/crolson1/finalproject/finalproject' returned '0': PYTHONPATH=/home/crolson1/finalproject/build/finalproject/prefix_override:/usr/lib/python3/dist-packages/colcon_core/task/python/colcon_distutils_commands:/home/crolson1/finalproject/install/finalproject/lib/python3.10/site-packages:${PYTHONPATH} /usr/bin/python3 -W ignore:setup.py install is deprecated setup.py egg_info --egg-base ../build/finalproject build --build-base /home/crolson1/finalproject/build/finalproject/build install --record /home/crolson1/finalproject/build/finalproject/install.log --single-version-externally-managed install_data
